<?xml version="1.0" encoding="UTF-8"?>
<!-- Generated by org.testng.reporters.JUnitXMLReporter -->
<testsuite ignored="1" hostname="DESKTOP-2H6M1BJ" failures="1" tests="8" name="Test1" time="164.933" errors="0" timestamp="31 Mar 2022 13:58:00 GMT">
  <testcase classname="com.amazon.stepdefinitions.TvValidation" name="tvclick" time="4.423"/>
  <testcase classname="com.amazon.stepdefinitions.ShoeValidation" name="footwear" time="67.386"/>
  <testcase classname="com.amazon.stepdefinitions.TvValidation" name="scroldown" time="0.058"/>
  <testcase classname="com.amazon.stepdefinitions.ShoeValidation" name="filter" time="20.02"/>
  <testcase classname="com.amazon.stepdefinitions.TvValidation" name="prodclick" time="10.039">
    <failure type="org.openqa.selenium.NoSuchElementException" message="no such element: Unable to locate element: {&amp;quot;method&amp;quot;:&amp;quot;xpath&amp;quot;,&amp;quot;selector&amp;quot;:&amp;quot;(//span[contains(text(),&amp;apos;50&amp;apos;)])[8]&amp;quot;}
  (Session info: chrome=99.0.4844.84)
For documentation on this error, please visit: https://www.seleniumhq.org/exceptions/no_such_element.html
Build info: version: &amp;apos;3.141.59&amp;apos;, revision: &amp;apos;e82be7d358&amp;apos;, time: &amp;apos;2018-11-14T08:17:03&amp;apos;
System info: host: &amp;apos;DESKTOP-2H6M1BJ&amp;apos;, ip: &amp;apos;192.168.64.99&amp;apos;, os.name: &amp;apos;Windows 10&amp;apos;, os.arch: &amp;apos;amd64&amp;apos;, os.version: &amp;apos;10.0&amp;apos;, java.version: &amp;apos;17.0.1&amp;apos;
Driver info: org.openqa.selenium.chrome.ChromeDriver
Capabilities {acceptInsecureCerts: false, browserName: chrome, browserVersion: 99.0.4844.84, chrome: {chromedriverVersion: 99.0.4844.51 (d537ec02474b5..., userDataDir: C:\Users\Franky\AppData\Loc...}, goog:chromeOptions: {debuggerAddress: localhost:58721}, javascriptEnabled: true, networkConnectionEnabled: false, pageLoadStrategy: normal, platform: WINDOWS, platformName: WINDOWS, proxy: Proxy(), setWindowRect: true, strictFileInteractability: false, timeouts: {implicit: 0, pageLoad: 300000, script: 30000}, unhandledPromptBehavior: dismiss and notify, webauthn:extension:credBlob: true, webauthn:extension:largeBlob: true, webauthn:virtualAuthenticators: true}
Session ID: 0a7797cdf017e1734370efe83a7a2887
*** Element info: {Using=xpath, value=(//span[contains(text(),&amp;apos;50&amp;apos;)])[8]}">
      <![CDATA[org.openqa.selenium.NoSuchElementException: no such element: Unable to locate element: {"method":"xpath","selector":"(//span[contains(text(),'50')])[8]"}
  (Session info: chrome=99.0.4844.84)
For documentation on this error, please visit: https://www.seleniumhq.org/exceptions/no_such_element.html
Build info: version: '3.141.59', revision: 'e82be7d358', time: '2018-11-14T08:17:03'
System info: host: 'DESKTOP-2H6M1BJ', ip: '192.168.64.99', os.name: 'Windows 10', os.arch: 'amd64', os.version: '10.0', java.version: '17.0.1'
Driver info: org.openqa.selenium.chrome.ChromeDriver
Capabilities {acceptInsecureCerts: false, browserName: chrome, browserVersion: 99.0.4844.84, chrome: {chromedriverVersion: 99.0.4844.51 (d537ec02474b5..., userDataDir: C:\Users\Franky\AppData\Loc...}, goog:chromeOptions: {debuggerAddress: localhost:58721}, javascriptEnabled: true, networkConnectionEnabled: false, pageLoadStrategy: normal, platform: WINDOWS, platformName: WINDOWS, proxy: Proxy(), setWindowRect: true, strictFileInteractability: false, timeouts: {implicit: 0, pageLoad: 300000, script: 30000}, unhandledPromptBehavior: dismiss and notify, webauthn:extension:credBlob: true, webauthn:extension:largeBlob: true, webauthn:virtualAuthenticators: true}
Session ID: 0a7797cdf017e1734370efe83a7a2887
*** Element info: {Using=xpath, value=(//span[contains(text(),'50')])[8]}
at org.openqa.selenium.remote.http.W3CHttpResponseCodec.createException(W3CHttpResponseCodec.java:187)
at org.openqa.selenium.remote.http.W3CHttpResponseCodec.decode(W3CHttpResponseCodec.java:122)
at org.openqa.selenium.remote.http.W3CHttpResponseCodec.decode(W3CHttpResponseCodec.java:49)
at org.openqa.selenium.remote.HttpCommandExecutor.execute(HttpCommandExecutor.java:158)
at org.openqa.selenium.remote.service.DriverCommandExecutor.execute(DriverCommandExecutor.java:83)
at org.openqa.selenium.remote.RemoteWebDriver.execute(RemoteWebDriver.java:552)
at org.openqa.selenium.remote.RemoteWebDriver.findElement(RemoteWebDriver.java:323)
at org.openqa.selenium.remote.RemoteWebDriver.findElementByXPath(RemoteWebDriver.java:428)
at org.openqa.selenium.By$ByXPath.findElement(By.java:353)
at org.openqa.selenium.remote.RemoteWebDriver.findElement(RemoteWebDriver.java:315)
at com.amazon.stepdefinitions.TvValidation.prodclick(TvValidation.java:53)
... Removed 30 stack frames]]>
    </failure>
  </testcase> <!-- prodclick -->
  <testcase classname="com.amazon.stepdefinitions.ShoeValidation" name="selection" time="0.435"/>
  <testcase classname="com.amazon.stepdefinitions.ShoeValidation" name="windowhandling" time="0.038"/>
  <testcase classname="com.amazon.stepdefinitions.ShoeValidation" name="dropdown" time="20.278"/>
  <testcase classname="com.amazon.stepdefinitions.ShoeValidation" name="buynow" time="0.0">
    <ignored/>
  </testcase> <!-- buynow -->
</testsuite> <!-- Test1 -->
